============================= test session starts ==============================
platform linux -- Python 3.11.5, pytest-7.4.3
collected 6 items

tests/test_calc.py ..F..                                                  [ 83%]
tests/test_io.py .                                                        [100%]

=================================== FAILURES ===================================
_______________________________ test_divide ____________________________________
    def test_divide():
>       assert divide(1, 0) == 0
E       ZeroDivisionError: division by zero
tests/test_calc.py:14: ZeroDivisionError
=========================== short test summary info ============================
FAILED tests/test_calc.py::test_divide - ZeroDivisionError: division by zero
========================= 1 failed, 5 passed in 0.12s ==========================
